<?xml version="1.0" encoding="UTF-8"?>
<testng-results ignored="0" total="1" passed="1" failed="0" skipped="0">
  <reporter-output>
  </reporter-output>
  <suite started-at="2020-10-29T04:03:37 IST" name="Suite" finished-at="2020-10-29T04:04:02 IST" duration-ms="24789">
    <groups>
    </groups>
    <test started-at="2020-10-29T04:03:37 IST" name="Test" finished-at="2020-10-29T04:04:02 IST" duration-ms="24789">
      <class name="testScripts.testSignUp">
        <test-method is-config="true" signature="preCondition()[pri:0, instance:testScripts.testSignUp@750e2b97]" started-at="2020-10-29T04:03:37 IST" name="preCondition" finished-at="2020-10-29T04:03:46 IST" duration-ms="8889" status="PASS">
          <reporter-output>
          </reporter-output>
        </test-method> <!-- preCondition -->
        <test-method signature="testSignUpSap()[pri:0, instance:testScripts.testSignUp@750e2b97]" started-at="2020-10-29T04:03:46 IST" name="testSignUpSap" finished-at="2020-10-29T04:04:01 IST" duration-ms="14917" status="PASS">
          <reporter-output>
          </reporter-output>
        </test-method> <!-- testSignUpSap -->
        <test-method is-config="true" signature="afterCondition()[pri:0, instance:testScripts.testSignUp@750e2b97]" started-at="2020-10-29T04:04:01 IST" name="afterCondition" finished-at="2020-10-29T04:04:02 IST" duration-ms="871" status="PASS">
          <reporter-output>
          </reporter-output>
        </test-method> <!-- afterCondition -->
      </class> <!-- testScripts.testSignUp -->
    </test> <!-- Test -->
  </suite> <!-- Suite -->
</testng-results>
